2025-10-19T19:54:57.409+03:00  INFO 8796 --- [firstSub] [main] c.example.firstSub.FirstSubApplication   : Starting FirstSubApplication using Java 24.0.1 with PID 8796 (C:\Users\AKleymenov\Downloads\firstSub\firstSub\target\classes started by AKleymenov in C:\Users\AKleymenov\Downloads\firstSub)
2025-10-19T19:54:57.413+03:00  INFO 8796 --- [firstSub] [main] c.example.firstSub.FirstSubApplication   : The following 1 profile is active: "test2"
2025-10-19T19:54:58.810+03:00  INFO 8796 --- [firstSub] [main] o.s.b.w.embedded.tomcat.TomcatWebServer  : Tomcat initialized with port 8080 (http)
2025-10-19T19:54:58.830+03:00  INFO 8796 --- [firstSub] [main] o.apache.catalina.core.StandardService   : Starting service [Tomcat]
2025-10-19T19:54:58.830+03:00  INFO 8796 --- [firstSub] [main] o.apache.catalina.core.StandardEngine    : Starting Servlet engine: [Apache Tomcat/10.1.46]
2025-10-19T19:54:58.907+03:00  INFO 8796 --- [firstSub] [main] o.a.c.c.C.[Tomcat].[localhost].[/]       : Initializing Spring embedded WebApplicationContext
2025-10-19T19:54:58.907+03:00  INFO 8796 --- [firstSub] [main] w.s.c.ServletWebServerApplicationContext : Root WebApplicationContext: initialization completed in 1418 ms
2025-10-19T19:54:59.183+03:00  INFO 8796 --- [firstSub] [main] o.s.v.b.OptionalValidatorFactoryBean     : Failed to set up a Bean Validation provider: jakarta.validation.NoProviderFoundException: Unable to create a Configuration, because no Jakarta Bean Validation provider could be found. Add a provider like Hibernate Validator (RI) to your classpath.
2025-10-19T19:54:59.979+03:00  INFO 8796 --- [firstSub] [main] o.s.b.w.embedded.tomcat.TomcatWebServer  : Tomcat started on port 8080 (http) with context path '/'
2025-10-19T19:54:59.992+03:00  INFO 8796 --- [firstSub] [main] c.example.firstSub.FirstSubApplication   : Started FirstSubApplication in 3.341 seconds (process running for 3.8)
2025-10-19T19:55:11.638+03:00  INFO 8796 --- [firstSub] [http-nio-8080-exec-1] o.a.c.c.C.[Tomcat].[localhost].[/]       : Initializing Spring DispatcherServlet 'dispatcherServlet'
2025-10-19T19:55:11.638+03:00  INFO 8796 --- [firstSub] [http-nio-8080-exec-1] o.s.web.servlet.DispatcherServlet        : Initializing Servlet 'dispatcherServlet'
2025-10-19T19:55:11.639+03:00  INFO 8796 --- [firstSub] [http-nio-8080-exec-1] o.s.web.servlet.DispatcherServlet        : Completed initialization in 1 ms
2025-10-19T19:55:26.792+03:00  INFO 8796 --- [firstSub] [SpringApplicationShutdownHook] o.s.b.w.e.tomcat.GracefulShutdown        : Commencing graceful shutdown. Waiting for active requests to complete
2025-10-19T19:55:26.801+03:00  INFO 8796 --- [firstSub] [tomcat-shutdown] o.s.b.w.e.tomcat.GracefulShutdown        : Graceful shutdown complete
2025-10-19T19:56:13.806+03:00  INFO 8844 --- [firstSub] [main] c.example.firstSub.FirstSubApplication   : Starting FirstSubApplication using Java 24.0.1 with PID 8844 (C:\Users\AKleymenov\Downloads\firstSub\firstSub\target\classes started by AKleymenov in C:\Users\AKleymenov\Downloads\firstSub)
2025-10-19T19:56:13.809+03:00  INFO 8844 --- [firstSub] [main] c.example.firstSub.FirstSubApplication   : No active profile set, falling back to 1 default profile: "default"
2025-10-19T19:56:15.179+03:00  INFO 8844 --- [firstSub] [main] o.s.b.w.embedded.tomcat.TomcatWebServer  : Tomcat initialized with port 8080 (http)
2025-10-19T19:56:15.200+03:00  INFO 8844 --- [firstSub] [main] o.apache.catalina.core.StandardService   : Starting service [Tomcat]
2025-10-19T19:56:15.201+03:00  INFO 8844 --- [firstSub] [main] o.apache.catalina.core.StandardEngine    : Starting Servlet engine: [Apache Tomcat/10.1.46]
2025-10-19T19:56:15.282+03:00  INFO 8844 --- [firstSub] [main] o.a.c.c.C.[Tomcat].[localhost].[/]       : Initializing Spring embedded WebApplicationContext
2025-10-19T19:56:15.282+03:00  INFO 8844 --- [firstSub] [main] w.s.c.ServletWebServerApplicationContext : Root WebApplicationContext: initialization completed in 1400 ms
2025-10-19T19:56:15.601+03:00  INFO 8844 --- [firstSub] [main] o.s.v.b.OptionalValidatorFactoryBean     : Failed to set up a Bean Validation provider: jakarta.validation.NoProviderFoundException: Unable to create a Configuration, because no Jakarta Bean Validation provider could be found. Add a provider like Hibernate Validator (RI) to your classpath.
2025-10-19T19:56:16.408+03:00  INFO 8844 --- [firstSub] [main] o.s.b.w.embedded.tomcat.TomcatWebServer  : Tomcat started on port 8080 (http) with context path '/'
2025-10-19T19:56:16.420+03:00  INFO 8844 --- [firstSub] [main] c.example.firstSub.FirstSubApplication   : Started FirstSubApplication in 3.348 seconds (process running for 3.787)
2025-10-19T19:56:33.114+03:00  INFO 8844 --- [firstSub] [http-nio-8080-exec-1] o.a.c.c.C.[Tomcat].[localhost].[/]       : Initializing Spring DispatcherServlet 'dispatcherServlet'
2025-10-19T19:56:33.114+03:00  INFO 8844 --- [firstSub] [http-nio-8080-exec-1] o.s.web.servlet.DispatcherServlet        : Initializing Servlet 'dispatcherServlet'
2025-10-19T19:56:33.115+03:00  INFO 8844 --- [firstSub] [http-nio-8080-exec-1] o.s.web.servlet.DispatcherServlet        : Completed initialization in 1 ms
2025-10-19T19:57:20.365+03:00  INFO 8844 --- [firstSub] [SpringApplicationShutdownHook] o.s.b.w.e.tomcat.GracefulShutdown        : Commencing graceful shutdown. Waiting for active requests to complete
2025-10-19T19:57:20.374+03:00  INFO 8844 --- [firstSub] [tomcat-shutdown] o.s.b.w.e.tomcat.GracefulShutdown        : Graceful shutdown complete
2025-10-19T19:57:44.066+03:00  INFO 18352 --- [firstSub] [main] c.example.firstSub.FirstSubApplication   : Starting FirstSubApplication using Java 24.0.1 with PID 18352 (C:\Users\AKleymenov\Downloads\firstSub\firstSub\target\classes started by AKleymenov in C:\Users\AKleymenov\Downloads\firstSub)
2025-10-19T19:57:44.069+03:00  INFO 18352 --- [firstSub] [main] c.example.firstSub.FirstSubApplication   : The following 1 profile is active: "test1"
2025-10-19T19:57:45.509+03:00  INFO 18352 --- [firstSub] [main] o.s.b.w.embedded.tomcat.TomcatWebServer  : Tomcat initialized with port 8080 (http)
2025-10-19T19:57:45.525+03:00  INFO 18352 --- [firstSub] [main] o.apache.catalina.core.StandardService   : Starting service [Tomcat]
2025-10-19T19:57:45.526+03:00  INFO 18352 --- [firstSub] [main] o.apache.catalina.core.StandardEngine    : Starting Servlet engine: [Apache Tomcat/10.1.46]
2025-10-19T19:57:45.588+03:00  INFO 18352 --- [firstSub] [main] o.a.c.c.C.[Tomcat].[localhost].[/]       : Initializing Spring embedded WebApplicationContext
2025-10-19T19:57:45.589+03:00  INFO 18352 --- [firstSub] [main] w.s.c.ServletWebServerApplicationContext : Root WebApplicationContext: initialization completed in 1444 ms
2025-10-19T19:57:45.899+03:00  INFO 18352 --- [firstSub] [main] o.s.v.b.OptionalValidatorFactoryBean     : Failed to set up a Bean Validation provider: jakarta.validation.NoProviderFoundException: Unable to create a Configuration, because no Jakarta Bean Validation provider could be found. Add a provider like Hibernate Validator (RI) to your classpath.
2025-10-19T19:57:46.788+03:00  INFO 18352 --- [firstSub] [main] o.s.b.w.embedded.tomcat.TomcatWebServer  : Tomcat started on port 8080 (http) with context path '/'
2025-10-19T19:57:46.802+03:00  INFO 18352 --- [firstSub] [main] c.example.firstSub.FirstSubApplication   : Started FirstSubApplication in 3.494 seconds (process running for 3.931)
2025-10-19T19:58:31.740+03:00  INFO 18352 --- [firstSub] [http-nio-8080-exec-1] o.a.c.c.C.[Tomcat].[localhost].[/]       : Initializing Spring DispatcherServlet 'dispatcherServlet'
2025-10-19T19:58:31.741+03:00  INFO 18352 --- [firstSub] [http-nio-8080-exec-1] o.s.web.servlet.DispatcherServlet        : Initializing Servlet 'dispatcherServlet'
2025-10-19T19:58:31.742+03:00  INFO 18352 --- [firstSub] [http-nio-8080-exec-1] o.s.web.servlet.DispatcherServlet        : Completed initialization in 1 ms
2025-10-19T19:59:08.049+03:00  INFO 18352 --- [firstSub] [SpringApplicationShutdownHook] o.s.b.w.e.tomcat.GracefulShutdown        : Commencing graceful shutdown. Waiting for active requests to complete
2025-10-19T19:59:08.059+03:00  INFO 18352 --- [firstSub] [tomcat-shutdown] o.s.b.w.e.tomcat.GracefulShutdown        : Graceful shutdown complete
2025-10-19T20:02:33.268+03:00  INFO 14756 --- [firstSub] [main] c.example.firstSub.FirstSubApplication   : Starting FirstSubApplication using Java 24.0.1 with PID 14756 (C:\Users\AKleymenov\Downloads\firstSub\firstSub\target\classes started by AKleymenov in C:\Users\AKleymenov\Downloads\firstSub)
2025-10-19T20:02:33.272+03:00  INFO 14756 --- [firstSub] [main] c.example.firstSub.FirstSubApplication   : The following 1 profile is active: "test1"
2025-10-19T20:02:34.643+03:00  INFO 14756 --- [firstSub] [main] o.s.b.w.embedded.tomcat.TomcatWebServer  : Tomcat initialized with port 8080 (http)
2025-10-19T20:02:34.659+03:00  INFO 14756 --- [firstSub] [main] o.apache.catalina.core.StandardService   : Starting service [Tomcat]
2025-10-19T20:02:34.660+03:00  INFO 14756 --- [firstSub] [main] o.apache.catalina.core.StandardEngine    : Starting Servlet engine: [Apache Tomcat/10.1.46]
2025-10-19T20:02:34.727+03:00  INFO 14756 --- [firstSub] [main] o.a.c.c.C.[Tomcat].[localhost].[/]       : Initializing Spring embedded WebApplicationContext
2025-10-19T20:02:34.728+03:00  INFO 14756 --- [firstSub] [main] w.s.c.ServletWebServerApplicationContext : Root WebApplicationContext: initialization completed in 1381 ms
2025-10-19T20:02:34.999+03:00  INFO 14756 --- [firstSub] [main] o.s.v.b.OptionalValidatorFactoryBean     : Failed to set up a Bean Validation provider: jakarta.validation.NoProviderFoundException: Unable to create a Configuration, because no Jakarta Bean Validation provider could be found. Add a provider like Hibernate Validator (RI) to your classpath.
2025-10-19T20:02:35.785+03:00  INFO 14756 --- [firstSub] [main] o.s.b.w.embedded.tomcat.TomcatWebServer  : Tomcat started on port 8080 (http) with context path '/'
2025-10-19T20:02:35.797+03:00  INFO 14756 --- [firstSub] [main] c.example.firstSub.FirstSubApplication   : Started FirstSubApplication in 3.309 seconds (process running for 3.773)
2025-10-19T20:02:50.642+03:00  INFO 14756 --- [firstSub] [SpringApplicationShutdownHook] o.s.b.w.e.tomcat.GracefulShutdown        : Commencing graceful shutdown. Waiting for active requests to complete
2025-10-19T20:02:50.651+03:00  INFO 14756 --- [firstSub] [tomcat-shutdown] o.s.b.w.e.tomcat.GracefulShutdown        : Graceful shutdown complete
2025-10-19T20:04:13.045+03:00  INFO 3096 --- [firstSub] [main] c.example.firstSub.FirstSubApplication   : Starting FirstSubApplication using Java 24.0.1 with PID 3096 (C:\Users\AKleymenov\Downloads\firstSub\firstSub\target\classes started by AKleymenov in C:\Users\AKleymenov\Downloads\firstSub)
2025-10-19T20:04:13.048+03:00  INFO 3096 --- [firstSub] [main] c.example.firstSub.FirstSubApplication   : The following 1 profile is active: "test1"
2025-10-19T20:04:14.433+03:00  INFO 3096 --- [firstSub] [main] o.s.b.w.embedded.tomcat.TomcatWebServer  : Tomcat initialized with port 8080 (http)
2025-10-19T20:04:14.452+03:00  INFO 3096 --- [firstSub] [main] o.apache.catalina.core.StandardService   : Starting service [Tomcat]
2025-10-19T20:04:14.452+03:00  INFO 3096 --- [firstSub] [main] o.apache.catalina.core.StandardEngine    : Starting Servlet engine: [Apache Tomcat/10.1.46]
2025-10-19T20:04:14.523+03:00  INFO 3096 --- [firstSub] [main] o.a.c.c.C.[Tomcat].[localhost].[/]       : Initializing Spring embedded WebApplicationContext
2025-10-19T20:04:14.524+03:00  INFO 3096 --- [firstSub] [main] w.s.c.ServletWebServerApplicationContext : Root WebApplicationContext: initialization completed in 1400 ms
2025-10-19T20:04:14.810+03:00  INFO 3096 --- [firstSub] [main] o.s.v.b.OptionalValidatorFactoryBean     : Failed to set up a Bean Validation provider: jakarta.validation.NoProviderFoundException: Unable to create a Configuration, because no Jakarta Bean Validation provider could be found. Add a provider like Hibernate Validator (RI) to your classpath.
2025-10-19T20:04:15.662+03:00  INFO 3096 --- [firstSub] [main] o.s.b.w.embedded.tomcat.TomcatWebServer  : Tomcat started on port 8080 (http) with context path '/'
2025-10-19T20:04:15.674+03:00  INFO 3096 --- [firstSub] [main] c.example.firstSub.FirstSubApplication   : Started FirstSubApplication in 3.399 seconds (process running for 3.831)
2025-10-19T20:04:40.191+03:00  INFO 3096 --- [firstSub] [SpringApplicationShutdownHook] o.s.b.w.e.tomcat.GracefulShutdown        : Commencing graceful shutdown. Waiting for active requests to complete
2025-10-19T20:04:40.201+03:00  INFO 3096 --- [firstSub] [tomcat-shutdown] o.s.b.w.e.tomcat.GracefulShutdown        : Graceful shutdown complete
2025-10-19T20:04:52.546+03:00  INFO 3772 --- [firstSub] [main] c.example.firstSub.FirstSubApplication   : Starting FirstSubApplication using Java 24.0.1 with PID 3772 (C:\Users\AKleymenov\Downloads\firstSub\firstSub\target\classes started by AKleymenov in C:\Users\AKleymenov\Downloads\firstSub)
2025-10-19T20:04:52.550+03:00  INFO 3772 --- [firstSub] [main] c.example.firstSub.FirstSubApplication   : The following 1 profile is active: "test2"
2025-10-19T20:04:53.929+03:00  INFO 3772 --- [firstSub] [main] o.s.b.w.embedded.tomcat.TomcatWebServer  : Tomcat initialized with port 8080 (http)
2025-10-19T20:04:53.947+03:00  INFO 3772 --- [firstSub] [main] o.apache.catalina.core.StandardService   : Starting service [Tomcat]
2025-10-19T20:04:53.948+03:00  INFO 3772 --- [firstSub] [main] o.apache.catalina.core.StandardEngine    : Starting Servlet engine: [Apache Tomcat/10.1.46]
2025-10-19T20:04:54.018+03:00  INFO 3772 --- [firstSub] [main] o.a.c.c.C.[Tomcat].[localhost].[/]       : Initializing Spring embedded WebApplicationContext
2025-10-19T20:04:54.019+03:00  INFO 3772 --- [firstSub] [main] w.s.c.ServletWebServerApplicationContext : Root WebApplicationContext: initialization completed in 1392 ms
2025-10-19T20:04:54.325+03:00  INFO 3772 --- [firstSub] [main] o.s.v.b.OptionalValidatorFactoryBean     : Failed to set up a Bean Validation provider: jakarta.validation.NoProviderFoundException: Unable to create a Configuration, because no Jakarta Bean Validation provider could be found. Add a provider like Hibernate Validator (RI) to your classpath.
2025-10-19T20:04:55.109+03:00  INFO 3772 --- [firstSub] [main] o.s.b.w.embedded.tomcat.TomcatWebServer  : Tomcat started on port 8080 (http) with context path '/'
2025-10-19T20:04:55.122+03:00  INFO 3772 --- [firstSub] [main] c.example.firstSub.FirstSubApplication   : Started FirstSubApplication in 3.335 seconds (process running for 3.787)
2025-10-19T20:06:48.591+03:00  INFO 3772 --- [firstSub] [SpringApplicationShutdownHook] o.s.b.w.e.tomcat.GracefulShutdown        : Commencing graceful shutdown. Waiting for active requests to complete
2025-10-19T20:06:48.601+03:00  INFO 3772 --- [firstSub] [tomcat-shutdown] o.s.b.w.e.tomcat.GracefulShutdown        : Graceful shutdown complete
2025-10-19T20:09:01.786+03:00  INFO 14708 --- [firstSub] [main] c.example.firstSub.FirstSubApplication   : Starting FirstSubApplication using Java 24.0.1 with PID 14708 (C:\Users\AKleymenov\Downloads\firstSub\firstSub\target\classes started by AKleymenov in C:\Users\AKleymenov\Downloads\firstSub)
2025-10-19T20:09:01.789+03:00  INFO 14708 --- [firstSub] [main] c.example.firstSub.FirstSubApplication   : The following 1 profile is active: "test1"
2025-10-19T20:09:03.226+03:00  INFO 14708 --- [firstSub] [main] o.s.b.w.embedded.tomcat.TomcatWebServer  : Tomcat initialized with port 7770 (http)
2025-10-19T20:09:03.251+03:00  INFO 14708 --- [firstSub] [main] o.apache.catalina.core.StandardService   : Starting service [Tomcat]
2025-10-19T20:09:03.252+03:00  INFO 14708 --- [firstSub] [main] o.apache.catalina.core.StandardEngine    : Starting Servlet engine: [Apache Tomcat/10.1.46]
2025-10-19T20:09:03.320+03:00  INFO 14708 --- [firstSub] [main] o.a.c.c.C.[Tomcat].[localhost].[/]       : Initializing Spring embedded WebApplicationContext
2025-10-19T20:09:03.321+03:00  INFO 14708 --- [firstSub] [main] w.s.c.ServletWebServerApplicationContext : Root WebApplicationContext: initialization completed in 1462 ms
2025-10-19T20:09:03.609+03:00  INFO 14708 --- [firstSub] [main] o.s.v.b.OptionalValidatorFactoryBean     : Failed to set up a Bean Validation provider: jakarta.validation.NoProviderFoundException: Unable to create a Configuration, because no Jakarta Bean Validation provider could be found. Add a provider like Hibernate Validator (RI) to your classpath.
2025-10-19T20:09:04.492+03:00  INFO 14708 --- [firstSub] [main] o.s.b.w.embedded.tomcat.TomcatWebServer  : Tomcat started on port 7770 (http) with context path '/'
2025-10-19T20:09:04.503+03:00  INFO 14708 --- [firstSub] [main] c.example.firstSub.FirstSubApplication   : Started FirstSubApplication in 3.475 seconds (process running for 3.931)
2025-10-19T20:09:07.866+03:00  INFO 14708 --- [firstSub] [SpringApplicationShutdownHook] o.s.b.w.e.tomcat.GracefulShutdown        : Commencing graceful shutdown. Waiting for active requests to complete
2025-10-19T20:09:07.878+03:00  INFO 14708 --- [firstSub] [tomcat-shutdown] o.s.b.w.e.tomcat.GracefulShutdown        : Graceful shutdown complete
2025-10-19T20:11:19.547+03:00  INFO 8272 --- [firstSub] [main] c.example.firstSub.FirstSubApplication   : Starting FirstSubApplication using Java 24.0.1 with PID 8272 (C:\Users\AKleymenov\Downloads\firstSub\firstSub\target\classes started by AKleymenov in C:\Users\AKleymenov\Downloads\firstSub)
2025-10-19T20:11:19.550+03:00  INFO 8272 --- [firstSub] [main] c.example.firstSub.FirstSubApplication   : The following 1 profile is active: "test2"
2025-10-19T20:11:20.958+03:00  INFO 8272 --- [firstSub] [main] o.s.b.w.embedded.tomcat.TomcatWebServer  : Tomcat initialized with port 7775 (http)
2025-10-19T20:11:20.983+03:00  INFO 8272 --- [firstSub] [main] o.apache.catalina.core.StandardService   : Starting service [Tomcat]
2025-10-19T20:11:20.984+03:00  INFO 8272 --- [firstSub] [main] o.apache.catalina.core.StandardEngine    : Starting Servlet engine: [Apache Tomcat/10.1.46]
2025-10-19T20:11:21.069+03:00  INFO 8272 --- [firstSub] [main] o.a.c.c.C.[Tomcat].[localhost].[/]       : Initializing Spring embedded WebApplicationContext
2025-10-19T20:11:21.070+03:00  INFO 8272 --- [firstSub] [main] w.s.c.ServletWebServerApplicationContext : Root WebApplicationContext: initialization completed in 1444 ms
2025-10-19T20:11:21.389+03:00  INFO 8272 --- [firstSub] [main] o.s.v.b.OptionalValidatorFactoryBean     : Failed to set up a Bean Validation provider: jakarta.validation.NoProviderFoundException: Unable to create a Configuration, because no Jakarta Bean Validation provider could be found. Add a provider like Hibernate Validator (RI) to your classpath.
2025-10-19T20:11:22.181+03:00  INFO 8272 --- [firstSub] [main] o.s.b.w.embedded.tomcat.TomcatWebServer  : Tomcat started on port 7775 (http) with context path '/'
2025-10-19T20:11:22.192+03:00  INFO 8272 --- [firstSub] [main] c.example.firstSub.FirstSubApplication   : Started FirstSubApplication in 3.413 seconds (process running for 3.862)
2025-10-19T20:11:40.458+03:00  INFO 8272 --- [firstSub] [http-nio-7775-exec-1] o.a.c.c.C.[Tomcat].[localhost].[/]       : Initializing Spring DispatcherServlet 'dispatcherServlet'
2025-10-19T20:11:40.459+03:00  INFO 8272 --- [firstSub] [http-nio-7775-exec-1] o.s.web.servlet.DispatcherServlet        : Initializing Servlet 'dispatcherServlet'
2025-10-19T20:11:40.460+03:00  INFO 8272 --- [firstSub] [http-nio-7775-exec-1] o.s.web.servlet.DispatcherServlet        : Completed initialization in 1 ms
2025-10-19T20:12:00.682+03:00  INFO 8272 --- [firstSub] [SpringApplicationShutdownHook] o.s.b.w.e.tomcat.GracefulShutdown        : Commencing graceful shutdown. Waiting for active requests to complete
2025-10-19T20:12:00.692+03:00  INFO 8272 --- [firstSub] [tomcat-shutdown] o.s.b.w.e.tomcat.GracefulShutdown        : Graceful shutdown complete
2025-10-19T20:50:30.350+03:00  INFO 7552 --- [firstSub] [main] c.example.firstSub.FirstSubApplication   : Starting FirstSubApplication using Java 24.0.1 with PID 7552 (C:\Users\AKleymenov\Downloads\firstSub\firstSub\target\classes started by AKleymenov in C:\Users\AKleymenov\Downloads\firstSub)
2025-10-19T20:50:30.353+03:00  INFO 7552 --- [firstSub] [main] c.example.firstSub.FirstSubApplication   : No active profile set, falling back to 1 default profile: "default"
2025-10-19T20:50:32.157+03:00  INFO 7552 --- [firstSub] [main] o.s.b.w.embedded.tomcat.TomcatWebServer  : Tomcat initialized with port 8080 (http)
2025-10-19T20:50:32.176+03:00  INFO 7552 --- [firstSub] [main] o.apache.catalina.core.StandardService   : Starting service [Tomcat]
2025-10-19T20:50:32.176+03:00  INFO 7552 --- [firstSub] [main] o.apache.catalina.core.StandardEngine    : Starting Servlet engine: [Apache Tomcat/10.1.46]
2025-10-19T20:50:32.248+03:00  INFO 7552 --- [firstSub] [main] o.a.c.c.C.[Tomcat].[localhost].[/]       : Initializing Spring embedded WebApplicationContext
2025-10-19T20:50:32.249+03:00  INFO 7552 --- [firstSub] [main] w.s.c.ServletWebServerApplicationContext : Root WebApplicationContext: initialization completed in 1820 ms
2025-10-19T20:50:32.706+03:00  INFO 7552 --- [firstSub] [main] o.s.v.b.OptionalValidatorFactoryBean     : Failed to set up a Bean Validation provider: jakarta.validation.NoProviderFoundException: Unable to create a Configuration, because no Jakarta Bean Validation provider could be found. Add a provider like Hibernate Validator (RI) to your classpath.
2025-10-19T20:50:33.987+03:00  INFO 7552 --- [firstSub] [main] o.s.b.a.e.web.EndpointLinksResolver      : Exposing 14 endpoints beneath base path '/actuator'
2025-10-19T20:50:34.087+03:00  INFO 7552 --- [firstSub] [main] o.s.b.w.embedded.tomcat.TomcatWebServer  : Tomcat started on port 8080 (http) with context path '/'
2025-10-19T20:50:34.103+03:00  INFO 7552 --- [firstSub] [main] c.example.firstSub.FirstSubApplication   : Started FirstSubApplication in 4.491 seconds (process running for 4.98)
2025-10-19T20:50:55.927+03:00  INFO 7552 --- [firstSub] [http-nio-8080-exec-1] o.a.c.c.C.[Tomcat].[localhost].[/]       : Initializing Spring DispatcherServlet 'dispatcherServlet'
2025-10-19T20:50:55.928+03:00  INFO 7552 --- [firstSub] [http-nio-8080-exec-1] o.s.web.servlet.DispatcherServlet        : Initializing Servlet 'dispatcherServlet'
2025-10-19T20:50:55.929+03:00  INFO 7552 --- [firstSub] [http-nio-8080-exec-1] o.s.web.servlet.DispatcherServlet        : Completed initialization in 1 ms
2025-10-19T20:53:43.581+03:00  INFO 7552 --- [firstSub] [SpringApplicationShutdownHook] o.s.b.w.e.tomcat.GracefulShutdown        : Commencing graceful shutdown. Waiting for active requests to complete
2025-10-19T20:53:43.596+03:00  INFO 7552 --- [firstSub] [tomcat-shutdown] o.s.b.w.e.tomcat.GracefulShutdown        : Graceful shutdown complete
2025-10-19T20:59:33.857+03:00  INFO 8940 --- [firstSub] [main] c.example.firstSub.FirstSubApplication   : Starting FirstSubApplication using Java 24.0.1 with PID 8940 (C:\Users\AKleymenov\Downloads\firstSub\firstSub\target\classes started by AKleymenov in C:\Users\AKleymenov\Downloads\firstSub)
2025-10-19T20:59:33.860+03:00  INFO 8940 --- [firstSub] [main] c.example.firstSub.FirstSubApplication   : No active profile set, falling back to 1 default profile: "default"
2025-10-19T20:59:36.155+03:00  INFO 8940 --- [firstSub] [main] o.s.b.w.embedded.tomcat.TomcatWebServer  : Tomcat initialized with port 8080 (http)
2025-10-19T20:59:36.176+03:00  INFO 8940 --- [firstSub] [main] o.apache.catalina.core.StandardService   : Starting service [Tomcat]
2025-10-19T20:59:36.177+03:00  INFO 8940 --- [firstSub] [main] o.apache.catalina.core.StandardEngine    : Starting Servlet engine: [Apache Tomcat/10.1.46]
2025-10-19T20:59:36.258+03:00  INFO 8940 --- [firstSub] [main] o.a.c.c.C.[Tomcat].[localhost].[/]       : Initializing Spring embedded WebApplicationContext
2025-10-19T20:59:36.258+03:00  INFO 8940 --- [firstSub] [main] w.s.c.ServletWebServerApplicationContext : Root WebApplicationContext: initialization completed in 2312 ms
2025-10-19T20:59:36.955+03:00  INFO 8940 --- [firstSub] [main] o.s.v.b.OptionalValidatorFactoryBean     : Failed to set up a Bean Validation provider: jakarta.validation.NoProviderFoundException: Unable to create a Configuration, because no Jakarta Bean Validation provider could be found. Add a provider like Hibernate Validator (RI) to your classpath.
2025-10-19T20:59:38.560+03:00  INFO 8940 --- [firstSub] [main] o.s.b.a.e.web.EndpointLinksResolver      : Exposing 14 endpoints beneath base path '/actuator'
2025-10-19T20:59:38.665+03:00  INFO 8940 --- [firstSub] [main] o.s.b.w.embedded.tomcat.TomcatWebServer  : Tomcat started on port 8080 (http) with context path '/'
2025-10-19T20:59:38.683+03:00  INFO 8940 --- [firstSub] [main] c.example.firstSub.FirstSubApplication   : Started FirstSubApplication in 5.63 seconds (process running for 6.086)
2025-10-19T20:59:47.785+03:00  INFO 8940 --- [firstSub] [http-nio-8080-exec-2] o.a.c.c.C.[Tomcat].[localhost].[/]       : Initializing Spring DispatcherServlet 'dispatcherServlet'
2025-10-19T20:59:47.786+03:00  INFO 8940 --- [firstSub] [http-nio-8080-exec-2] o.s.web.servlet.DispatcherServlet        : Initializing Servlet 'dispatcherServlet'
2025-10-19T20:59:47.787+03:00  INFO 8940 --- [firstSub] [http-nio-8080-exec-2] o.s.web.servlet.DispatcherServlet        : Completed initialization in 1 ms
2025-10-19T21:05:57.580+03:00  INFO 8940 --- [firstSub] [SpringApplicationShutdownHook] o.s.b.w.e.tomcat.GracefulShutdown        : Commencing graceful shutdown. Waiting for active requests to complete
2025-10-19T21:05:57.591+03:00  INFO 8940 --- [firstSub] [tomcat-shutdown] o.s.b.w.e.tomcat.GracefulShutdown        : Graceful shutdown complete
2025-10-19T21:12:52.111+03:00  INFO 11976 --- [firstSub] [main] c.example.firstSub.FirstSubApplication   : Starting FirstSubApplication using Java 24.0.1 with PID 11976 (C:\Users\AKleymenov\Downloads\firstSub\firstSub\target\classes started by AKleymenov in C:\Users\AKleymenov\Downloads\firstSub)
2025-10-19T21:12:52.114+03:00  INFO 11976 --- [firstSub] [main] c.example.firstSub.FirstSubApplication   : No active profile set, falling back to 1 default profile: "default"
2025-10-19T21:12:54.065+03:00  INFO 11976 --- [firstSub] [main] .s.d.r.c.RepositoryConfigurationDelegate : Bootstrapping Spring Data JPA repositories in DEFAULT mode.
2025-10-19T21:12:54.100+03:00  INFO 11976 --- [firstSub] [main] .s.d.r.c.RepositoryConfigurationDelegate : Finished Spring Data repository scanning in 20 ms. Found 0 JPA repository interfaces.
2025-10-19T21:12:55.202+03:00  INFO 11976 --- [firstSub] [main] o.s.b.w.embedded.tomcat.TomcatWebServer  : Tomcat initialized with port 8080 (http)
2025-10-19T21:12:55.221+03:00  INFO 11976 --- [firstSub] [main] o.apache.catalina.core.StandardService   : Starting service [Tomcat]
2025-10-19T21:12:55.221+03:00  INFO 11976 --- [firstSub] [main] o.apache.catalina.core.StandardEngine    : Starting Servlet engine: [Apache Tomcat/10.1.46]
2025-10-19T21:12:55.293+03:00  INFO 11976 --- [firstSub] [main] o.a.c.c.C.[Tomcat].[localhost].[/]       : Initializing Spring embedded WebApplicationContext
2025-10-19T21:12:55.293+03:00  INFO 11976 --- [firstSub] [main] w.s.c.ServletWebServerApplicationContext : Root WebApplicationContext: initialization completed in 3104 ms
2025-10-19T21:12:55.783+03:00  INFO 11976 --- [firstSub] [main] com.zaxxer.hikari.HikariDataSource       : HikariPool-1 - Starting...
2025-10-19T21:12:56.110+03:00  INFO 11976 --- [firstSub] [main] com.zaxxer.hikari.pool.HikariPool        : HikariPool-1 - Added connection conn0: url=jdbc:h2:file:./myDB user=SA
2025-10-19T21:12:56.113+03:00  INFO 11976 --- [firstSub] [main] com.zaxxer.hikari.HikariDataSource       : HikariPool-1 - Start completed.
2025-10-19T21:12:56.175+03:00  INFO 11976 --- [firstSub] [main] o.hibernate.jpa.internal.util.LogHelper  : HHH000204: Processing PersistenceUnitInfo [name: default]
2025-10-19T21:12:56.251+03:00  INFO 11976 --- [firstSub] [main] org.hibernate.Version                    : HHH000412: Hibernate ORM core version 6.6.29.Final
2025-10-19T21:12:56.303+03:00  INFO 11976 --- [firstSub] [main] o.h.c.internal.RegionFactoryInitiator    : HHH000026: Second-level cache disabled
2025-10-19T21:12:56.717+03:00  INFO 11976 --- [firstSub] [main] o.s.o.j.p.SpringPersistenceUnitInfo      : No LoadTimeWeaver setup: ignoring JPA class transformer
2025-10-19T21:12:56.796+03:00  WARN 11976 --- [firstSub] [main] org.hibernate.orm.deprecation            : HHH90000025: H2Dialect does not need to be specified explicitly using 'hibernate.dialect' (remove the property setting and it will be selected by default)
2025-10-19T21:12:56.818+03:00  INFO 11976 --- [firstSub] [main] org.hibernate.orm.connections.pooling    : HHH10001005: Database info:
	Database JDBC URL [Connecting through datasource 'HikariDataSource (HikariPool-1)']
	Database driver: undefined/unknown
	Database version: 2.3.232
	Autocommit mode: undefined/unknown
	Isolation level: undefined/unknown
	Minimum pool size: undefined/unknown
	Maximum pool size: undefined/unknown
2025-10-19T21:12:57.197+03:00  INFO 11976 --- [firstSub] [main] o.h.e.t.j.p.i.JtaPlatformInitiator       : HHH000489: No JTA platform available (set 'hibernate.transaction.jta.platform' to enable JTA platform integration)
2025-10-19T21:12:57.202+03:00  INFO 11976 --- [firstSub] [main] j.LocalContainerEntityManagerFactoryBean : Initialized JPA EntityManagerFactory for persistence unit 'default'
2025-10-19T21:12:57.457+03:00  WARN 11976 --- [firstSub] [main] JpaBaseConfiguration$JpaWebConfiguration : spring.jpa.open-in-view is enabled by default. Therefore, database queries may be performed during view rendering. Explicitly configure spring.jpa.open-in-view to disable this warning
2025-10-19T21:12:57.599+03:00  INFO 11976 --- [firstSub] [main] o.s.v.b.OptionalValidatorFactoryBean     : Failed to set up a Bean Validation provider: jakarta.validation.NoProviderFoundException: Unable to create a Configuration, because no Jakarta Bean Validation provider could be found. Add a provider like Hibernate Validator (RI) to your classpath.
2025-10-19T21:12:59.666+03:00  INFO 11976 --- [firstSub] [main] o.s.b.a.h2.H2ConsoleAutoConfiguration    : H2 console available at '/h2-console'. Database available at 'jdbc:h2:file:./myDB'
2025-10-19T21:12:59.729+03:00  INFO 11976 --- [firstSub] [main] o.s.b.a.e.web.EndpointLinksResolver      : Exposing 14 endpoints beneath base path '/actuator'
2025-10-19T21:12:59.877+03:00  INFO 11976 --- [firstSub] [main] o.s.b.w.embedded.tomcat.TomcatWebServer  : Tomcat started on port 8080 (http) with context path '/'
2025-10-19T21:12:59.905+03:00  INFO 11976 --- [firstSub] [main] c.example.firstSub.FirstSubApplication   : Started FirstSubApplication in 8.59 seconds (process running for 9.134)
2025-10-19T21:17:09.130+03:00  INFO 11976 --- [firstSub] [SpringApplicationShutdownHook] o.s.b.w.e.tomcat.GracefulShutdown        : Commencing graceful shutdown. Waiting for active requests to complete
2025-10-19T21:17:09.140+03:00  INFO 11976 --- [firstSub] [tomcat-shutdown] o.s.b.w.e.tomcat.GracefulShutdown        : Graceful shutdown complete
2025-10-19T21:17:09.145+03:00  INFO 11976 --- [firstSub] [SpringApplicationShutdownHook] j.LocalContainerEntityManagerFactoryBean : Closing JPA EntityManagerFactory for persistence unit 'default'
2025-10-19T21:17:09.148+03:00  INFO 11976 --- [firstSub] [SpringApplicationShutdownHook] com.zaxxer.hikari.HikariDataSource       : HikariPool-1 - Shutdown initiated...
2025-10-19T21:17:09.150+03:00  INFO 11976 --- [firstSub] [SpringApplicationShutdownHook] com.zaxxer.hikari.HikariDataSource       : HikariPool-1 - Shutdown completed.
2025-10-19T21:17:21.750+03:00  INFO 4076 --- [firstSub] [main] c.example.firstSub.FirstSubApplication   : Starting FirstSubApplication using Java 24.0.1 with PID 4076 (C:\Users\AKleymenov\Downloads\firstSub\firstSub\target\classes started by AKleymenov in C:\Users\AKleymenov\Downloads\firstSub)
2025-10-19T21:17:21.753+03:00  INFO 4076 --- [firstSub] [main] c.example.firstSub.FirstSubApplication   : The following 1 profile is active: "test1"
2025-10-19T21:17:23.350+03:00  INFO 4076 --- [firstSub] [main] .s.d.r.c.RepositoryConfigurationDelegate : Bootstrapping Spring Data JPA repositories in DEFAULT mode.
2025-10-19T21:17:23.386+03:00  INFO 4076 --- [firstSub] [main] .s.d.r.c.RepositoryConfigurationDelegate : Finished Spring Data repository scanning in 18 ms. Found 0 JPA repository interfaces.
2025-10-19T21:17:24.358+03:00  INFO 4076 --- [firstSub] [main] o.s.b.w.embedded.tomcat.TomcatWebServer  : Tomcat initialized with port 7770 (http)
2025-10-19T21:17:24.383+03:00  INFO 4076 --- [firstSub] [main] o.apache.catalina.core.StandardService   : Starting service [Tomcat]
2025-10-19T21:17:24.383+03:00  INFO 4076 --- [firstSub] [main] o.apache.catalina.core.StandardEngine    : Starting Servlet engine: [Apache Tomcat/10.1.46]
2025-10-19T21:17:24.471+03:00  INFO 4076 --- [firstSub] [main] o.a.c.c.C.[Tomcat].[localhost].[/]       : Initializing Spring embedded WebApplicationContext
2025-10-19T21:17:24.472+03:00  INFO 4076 --- [firstSub] [main] w.s.c.ServletWebServerApplicationContext : Root WebApplicationContext: initialization completed in 2650 ms
2025-10-19T21:17:24.977+03:00  INFO 4076 --- [firstSub] [main] com.zaxxer.hikari.HikariDataSource       : HikariPool-1 - Starting...
2025-10-19T21:17:25.300+03:00  INFO 4076 --- [firstSub] [main] com.zaxxer.hikari.pool.HikariPool        : HikariPool-1 - Added connection conn0: url=jdbc:h2:file:./myDB user=SA
2025-10-19T21:17:25.302+03:00  INFO 4076 --- [firstSub] [main] com.zaxxer.hikari.HikariDataSource       : HikariPool-1 - Start completed.
2025-10-19T21:17:25.364+03:00  INFO 4076 --- [firstSub] [main] o.hibernate.jpa.internal.util.LogHelper  : HHH000204: Processing PersistenceUnitInfo [name: default]
2025-10-19T21:17:25.449+03:00  INFO 4076 --- [firstSub] [main] org.hibernate.Version                    : HHH000412: Hibernate ORM core version 6.6.29.Final
2025-10-19T21:17:25.513+03:00  INFO 4076 --- [firstSub] [main] o.h.c.internal.RegionFactoryInitiator    : HHH000026: Second-level cache disabled
2025-10-19T21:17:25.945+03:00  INFO 4076 --- [firstSub] [main] o.s.o.j.p.SpringPersistenceUnitInfo      : No LoadTimeWeaver setup: ignoring JPA class transformer
2025-10-19T21:17:26.018+03:00  WARN 4076 --- [firstSub] [main] org.hibernate.orm.deprecation            : HHH90000025: H2Dialect does not need to be specified explicitly using 'hibernate.dialect' (remove the property setting and it will be selected by default)
2025-10-19T21:17:26.041+03:00  INFO 4076 --- [firstSub] [main] org.hibernate.orm.connections.pooling    : HHH10001005: Database info:
	Database JDBC URL [Connecting through datasource 'HikariDataSource (HikariPool-1)']
	Database driver: undefined/unknown
	Database version: 2.3.232
	Autocommit mode: undefined/unknown
	Isolation level: undefined/unknown
	Minimum pool size: undefined/unknown
	Maximum pool size: undefined/unknown
2025-10-19T21:17:26.525+03:00  INFO 4076 --- [firstSub] [main] o.h.e.t.j.p.i.JtaPlatformInitiator       : HHH000489: No JTA platform available (set 'hibernate.transaction.jta.platform' to enable JTA platform integration)
2025-10-19T21:17:26.532+03:00  INFO 4076 --- [firstSub] [main] j.LocalContainerEntityManagerFactoryBean : Initialized JPA EntityManagerFactory for persistence unit 'default'
2025-10-19T21:17:26.777+03:00  WARN 4076 --- [firstSub] [main] JpaBaseConfiguration$JpaWebConfiguration : spring.jpa.open-in-view is enabled by default. Therefore, database queries may be performed during view rendering. Explicitly configure spring.jpa.open-in-view to disable this warning
2025-10-19T21:17:26.886+03:00  INFO 4076 --- [firstSub] [main] o.s.v.b.OptionalValidatorFactoryBean     : Failed to set up a Bean Validation provider: jakarta.validation.NoProviderFoundException: Unable to create a Configuration, because no Jakarta Bean Validation provider could be found. Add a provider like Hibernate Validator (RI) to your classpath.
2025-10-19T21:17:28.699+03:00  INFO 4076 --- [firstSub] [main] o.s.b.a.h2.H2ConsoleAutoConfiguration    : H2 console available at '/h2-console'. Database available at 'jdbc:h2:file:./myDB'
2025-10-19T21:17:28.757+03:00  INFO 4076 --- [firstSub] [main] o.s.b.a.e.web.EndpointLinksResolver      : Exposing 14 endpoints beneath base path '/actuator'
2025-10-19T21:17:28.906+03:00  INFO 4076 --- [firstSub] [main] o.s.b.w.embedded.tomcat.TomcatWebServer  : Tomcat started on port 7770 (http) with context path '/'
2025-10-19T21:17:28.933+03:00  INFO 4076 --- [firstSub] [main] c.example.firstSub.FirstSubApplication   : Started FirstSubApplication in 7.938 seconds (process running for 8.448)
2025-10-19T21:17:46.618+03:00  INFO 4076 --- [firstSub] [http-nio-7770-exec-7] o.a.c.c.C.[Tomcat].[localhost].[/]       : Initializing Spring DispatcherServlet 'dispatcherServlet'
2025-10-19T21:17:46.620+03:00  INFO 4076 --- [firstSub] [http-nio-7770-exec-7] o.s.web.servlet.DispatcherServlet        : Initializing Servlet 'dispatcherServlet'
2025-10-19T21:17:46.624+03:00  INFO 4076 --- [firstSub] [http-nio-7770-exec-7] o.s.web.servlet.DispatcherServlet        : Completed initialization in 2 ms
2025-10-19T21:18:11.362+03:00  INFO 4076 --- [firstSub] [SpringApplicationShutdownHook] o.s.b.w.e.tomcat.GracefulShutdown        : Commencing graceful shutdown. Waiting for active requests to complete
2025-10-19T21:18:11.374+03:00  INFO 4076 --- [firstSub] [tomcat-shutdown] o.s.b.w.e.tomcat.GracefulShutdown        : Graceful shutdown complete
2025-10-19T21:18:11.381+03:00  INFO 4076 --- [firstSub] [SpringApplicationShutdownHook] j.LocalContainerEntityManagerFactoryBean : Closing JPA EntityManagerFactory for persistence unit 'default'
2025-10-19T21:18:11.384+03:00  INFO 4076 --- [firstSub] [SpringApplicationShutdownHook] com.zaxxer.hikari.HikariDataSource       : HikariPool-1 - Shutdown initiated...
2025-10-19T21:18:11.387+03:00  INFO 4076 --- [firstSub] [SpringApplicationShutdownHook] com.zaxxer.hikari.HikariDataSource       : HikariPool-1 - Shutdown completed.
