2025-10-19T21:18:28.707+03:00  INFO 6380 --- [firstSub] [main] c.e.firstSub.FirstSubApplicationTests    : Starting FirstSubApplicationTests using Java 24.0.1 with PID 6380 (started by AKleymenov in C:\Users\AKleymenov\Downloads\firstSub\firstSub)
2025-10-19T21:18:28.709+03:00  INFO 6380 --- [firstSub] [main] c.e.firstSub.FirstSubApplicationTests    : No active profile set, falling back to 1 default profile: "default"
2025-10-19T21:18:30.178+03:00  INFO 6380 --- [firstSub] [main] .s.d.r.c.RepositoryConfigurationDelegate : Bootstrapping Spring Data JPA repositories in DEFAULT mode.
2025-10-19T21:18:30.216+03:00  INFO 6380 --- [firstSub] [main] .s.d.r.c.RepositoryConfigurationDelegate : Finished Spring Data repository scanning in 23 ms. Found 0 JPA repository interfaces.
2025-10-19T21:18:31.108+03:00  INFO 6380 --- [firstSub] [main] com.zaxxer.hikari.HikariDataSource       : HikariPool-1 - Starting...
2025-10-19T21:18:31.442+03:00  INFO 6380 --- [firstSub] [main] com.zaxxer.hikari.pool.HikariPool        : HikariPool-1 - Added connection conn0: url=jdbc:h2:file:./myDB user=SA
2025-10-19T21:18:31.445+03:00  INFO 6380 --- [firstSub] [main] com.zaxxer.hikari.HikariDataSource       : HikariPool-1 - Start completed.
2025-10-19T21:18:31.515+03:00  INFO 6380 --- [firstSub] [main] o.hibernate.jpa.internal.util.LogHelper  : HHH000204: Processing PersistenceUnitInfo [name: default]
2025-10-19T21:18:31.611+03:00  INFO 6380 --- [firstSub] [main] org.hibernate.Version                    : HHH000412: Hibernate ORM core version 6.6.29.Final
2025-10-19T21:18:31.659+03:00  INFO 6380 --- [firstSub] [main] o.h.c.internal.RegionFactoryInitiator    : HHH000026: Second-level cache disabled
2025-10-19T21:18:32.063+03:00  INFO 6380 --- [firstSub] [main] o.s.o.j.p.SpringPersistenceUnitInfo      : No LoadTimeWeaver setup: ignoring JPA class transformer
2025-10-19T21:18:32.122+03:00  WARN 6380 --- [firstSub] [main] org.hibernate.orm.deprecation            : HHH90000025: H2Dialect does not need to be specified explicitly using 'hibernate.dialect' (remove the property setting and it will be selected by default)
2025-10-19T21:18:32.140+03:00  INFO 6380 --- [firstSub] [main] org.hibernate.orm.connections.pooling    : HHH10001005: Database info:
	Database JDBC URL [Connecting through datasource 'HikariDataSource (HikariPool-1)']
	Database driver: undefined/unknown
	Database version: 2.3.232
	Autocommit mode: undefined/unknown
	Isolation level: undefined/unknown
	Minimum pool size: undefined/unknown
	Maximum pool size: undefined/unknown
2025-10-19T21:18:32.520+03:00  INFO 6380 --- [firstSub] [main] o.h.e.t.j.p.i.JtaPlatformInitiator       : HHH000489: No JTA platform available (set 'hibernate.transaction.jta.platform' to enable JTA platform integration)
2025-10-19T21:18:32.527+03:00  INFO 6380 --- [firstSub] [main] j.LocalContainerEntityManagerFactoryBean : Initialized JPA EntityManagerFactory for persistence unit 'default'
2025-10-19T21:18:33.080+03:00  WARN 6380 --- [firstSub] [main] JpaBaseConfiguration$JpaWebConfiguration : spring.jpa.open-in-view is enabled by default. Therefore, database queries may be performed during view rendering. Explicitly configure spring.jpa.open-in-view to disable this warning
2025-10-19T21:18:33.200+03:00  INFO 6380 --- [firstSub] [main] o.s.v.b.OptionalValidatorFactoryBean     : Failed to set up a Bean Validation provider: jakarta.validation.NoProviderFoundException: Unable to create a Configuration, because no Jakarta Bean Validation provider could be found. Add a provider like Hibernate Validator (RI) to your classpath.
2025-10-19T21:18:35.514+03:00  INFO 6380 --- [firstSub] [main] o.s.b.a.h2.H2ConsoleAutoConfiguration    : H2 console available at '/h2-console'. Database available at 'jdbc:h2:file:./myDB'
2025-10-19T21:18:35.582+03:00  INFO 6380 --- [firstSub] [main] o.s.b.a.e.web.EndpointLinksResolver      : Exposing 14 endpoints beneath base path '/actuator'
2025-10-19T21:18:35.714+03:00  INFO 6380 --- [firstSub] [main] c.e.firstSub.FirstSubApplicationTests    : Started FirstSubApplicationTests in 7.518 seconds (process running for 8.791)
2025-10-19T21:18:36.504+03:00  INFO 6380 --- [firstSub] [SpringApplicationShutdownHook] j.LocalContainerEntityManagerFactoryBean : Closing JPA EntityManagerFactory for persistence unit 'default'
2025-10-19T21:18:36.507+03:00  INFO 6380 --- [firstSub] [SpringApplicationShutdownHook] com.zaxxer.hikari.HikariDataSource       : HikariPool-1 - Shutdown initiated...
2025-10-19T21:18:36.511+03:00  INFO 6380 --- [firstSub] [SpringApplicationShutdownHook] com.zaxxer.hikari.HikariDataSource       : HikariPool-1 - Shutdown completed.
